[0.063s] [34mcolcon[0m [1;30mDEBUG[0m [32mCommand line arguments: ['/usr/bin/colcon', 'build', '--symlink-install'][0m
[0.063s] [34mcolcon[0m [1;30mDEBUG[0m [32mParsed command line arguments: Namespace(log_base=None, log_level=None, verb_name='build', build_base='build', install_base='install', merge_install=False, symlink_install=True, test_result_base=None, continue_on_error=False, executor='parallel', parallel_workers=16, event_handlers=None, ignore_user_meta=False, metas=['./colcon.meta'], base_paths=['.'], packages_ignore=None, packages_ignore_regex=None, paths=None, packages_up_to=None, packages_up_to_regex=None, packages_above=None, packages_above_and_dependencies=None, packages_above_depth=None, packages_select_by_dep=None, packages_skip_by_dep=None, packages_skip_up_to=None, packages_select_build_failed=False, packages_skip_build_finished=False, packages_select_test_failures=False, packages_skip_test_passed=False, packages_select=None, packages_skip=None, packages_select_regex=None, packages_skip_regex=None, packages_start=None, packages_end=None, allow_overriding=[], cmake_args=None, cmake_target=None, cmake_target_skip_unavailable=False, cmake_clean_cache=False, cmake_clean_first=False, cmake_force_configure=False, ament_cmake_args=None, catkin_cmake_args=None, catkin_skip_building_tests=False, mixin_files=None, mixin=None, verb_parser=<colcon_mixin.mixin.mixin_argument.MixinArgumentDecorator object at 0x6ffe276e9f90>, verb_extension=<colcon_core.verb.build.BuildVerb object at 0x6ffe277df4f0>, main=<bound method BuildVerb.main of <colcon_core.verb.build.BuildVerb object at 0x6ffe277df4f0>>, mixin_verb=('build',))[0m
[0.083s] [34mcolcon.colcon_core.package_discovery[0m [1;30mLevel 1[0m discover_packages(colcon_meta) check parameters
[0.083s] [34mcolcon.colcon_core.package_discovery[0m [1;30mLevel 1[0m discover_packages(recursive) check parameters
[0.083s] [34mcolcon.colcon_core.package_discovery[0m [1;30mLevel 1[0m discover_packages(ignore) check parameters
[0.083s] [34mcolcon.colcon_core.package_discovery[0m [1;30mLevel 1[0m discover_packages(path) check parameters
[0.083s] [34mcolcon.colcon_core.package_discovery[0m [1;30mLevel 1[0m discover_packages(colcon_meta) discover
[0.083s] [34mcolcon.colcon_core.package_discovery[0m [1;30mLevel 1[0m discover_packages(recursive) discover
[0.083s] [34mcolcon.colcon_core.package_discovery[0m [1;30mINFO[0m Crawling recursively for packages in '/home/mj/_Projects/MOLL-E/src'
[0.083s] [34mcolcon.colcon_core.package_identification[0m [1;30mLevel 1[0m _identify(.) by extensions ['ignore', 'ignore_ament_install']
[0.083s] [34mcolcon.colcon_core.package_identification[0m [1;30mLevel 1[0m _identify(.) by extension 'ignore'
[0.083s] [34mcolcon.colcon_core.package_identification[0m [1;30mLevel 1[0m _identify(.) by extension 'ignore_ament_install'
[0.083s] [34mcolcon.colcon_core.package_identification[0m [1;30mLevel 1[0m _identify(.) by extensions ['colcon_pkg']
[0.084s] [34mcolcon.colcon_core.package_identification[0m [1;30mLevel 1[0m _identify(.) by extension 'colcon_pkg'
[0.084s] [34mcolcon.colcon_core.package_identification[0m [1;30mLevel 1[0m _identify(.) by extensions ['colcon_meta']
[0.084s] [34mcolcon.colcon_core.package_identification[0m [1;30mLevel 1[0m _identify(.) by extension 'colcon_meta'
[0.084s] [34mcolcon.colcon_core.package_identification[0m [1;30mLevel 1[0m _identify(.) by extensions ['ros']
[0.084s] [34mcolcon.colcon_core.package_identification[0m [1;30mLevel 1[0m _identify(.) by extension 'ros'
[0.091s] [34mcolcon.colcon_core.package_identification[0m [1;30mLevel 1[0m _identify(.) by extensions ['cmake', 'python']
[0.091s] [34mcolcon.colcon_core.package_identification[0m [1;30mLevel 1[0m _identify(.) by extension 'cmake'
[0.091s] [34mcolcon.colcon_core.package_identification[0m [1;30mLevel 1[0m _identify(.) by extension 'python'
[0.091s] [34mcolcon.colcon_core.package_identification[0m [1;30mLevel 1[0m _identify(.) by extensions ['python_setup_py']
[0.091s] [34mcolcon.colcon_core.package_identification[0m [1;30mLevel 1[0m _identify(.) by extension 'python_setup_py'
[0.091s] [34mcolcon.colcon_core.package_identification[0m [1;30mLevel 1[0m _identify(build) by extensions ['ignore', 'ignore_ament_install']
[0.091s] [34mcolcon.colcon_core.package_identification[0m [1;30mLevel 1[0m _identify(build) by extension 'ignore'
[0.091s] [34mcolcon.colcon_core.package_identification[0m [1;30mLevel 1[0m _identify(build) ignored
[0.091s] [34mcolcon.colcon_core.package_identification[0m [1;30mLevel 1[0m _identify(install) by extensions ['ignore', 'ignore_ament_install']
[0.091s] [34mcolcon.colcon_core.package_identification[0m [1;30mLevel 1[0m _identify(install) by extension 'ignore'
[0.091s] [34mcolcon.colcon_core.package_identification[0m [1;30mLevel 1[0m _identify(install) ignored
[0.091s] [34mcolcon.colcon_core.package_identification[0m [1;30mLevel 1[0m _identify(log) by extensions ['ignore', 'ignore_ament_install']
[0.091s] [34mcolcon.colcon_core.package_identification[0m [1;30mLevel 1[0m _identify(log) by extension 'ignore'
[0.091s] [34mcolcon.colcon_core.package_identification[0m [1;30mLevel 1[0m _identify(log) ignored
[0.091s] [34mcolcon.colcon_core.package_identification[0m [1;30mLevel 1[0m _identify(molle_motor) by extensions ['ignore', 'ignore_ament_install']
[0.091s] [34mcolcon.colcon_core.package_identification[0m [1;30mLevel 1[0m _identify(molle_motor) by extension 'ignore'
[0.091s] [34mcolcon.colcon_core.package_identification[0m [1;30mLevel 1[0m _identify(molle_motor) by extension 'ignore_ament_install'
[0.092s] [34mcolcon.colcon_core.package_identification[0m [1;30mLevel 1[0m _identify(molle_motor) by extensions ['colcon_pkg']
[0.092s] [34mcolcon.colcon_core.package_identification[0m [1;30mLevel 1[0m _identify(molle_motor) by extension 'colcon_pkg'
[0.092s] [34mcolcon.colcon_core.package_identification[0m [1;30mLevel 1[0m _identify(molle_motor) by extensions ['colcon_meta']
[0.092s] [34mcolcon.colcon_core.package_identification[0m [1;30mLevel 1[0m _identify(molle_motor) by extension 'colcon_meta'
[0.092s] [34mcolcon.colcon_core.package_identification[0m [1;30mLevel 1[0m _identify(molle_motor) by extensions ['ros']
[0.092s] [34mcolcon.colcon_core.package_identification[0m [1;30mLevel 1[0m _identify(molle_motor) by extension 'ros'
[0.093s] [34mcolcon.colcon_core.package_identification[0m [1;30mDEBUG[0m [32mPackage 'molle_motor' with type 'ros.ament_python' and name 'molle_motor'[0m
[0.093s] [34mcolcon.colcon_core.package_discovery[0m [1;30mLevel 1[0m discover_packages(recursive) using defaults
[0.093s] [34mcolcon.colcon_core.package_discovery[0m [1;30mLevel 1[0m discover_packages(ignore) discover
[0.093s] [34mcolcon.colcon_core.package_discovery[0m [1;30mLevel 1[0m discover_packages(ignore) using defaults
[0.093s] [34mcolcon.colcon_core.package_discovery[0m [1;30mLevel 1[0m discover_packages(path) discover
[0.093s] [34mcolcon.colcon_core.package_discovery[0m [1;30mLevel 1[0m discover_packages(path) using defaults
[0.101s] [34mcolcon.colcon_core.package_discovery[0m [1;30mLevel 1[0m discover_packages(prefix_path) check parameters
[0.102s] [34mcolcon.colcon_core.package_discovery[0m [1;30mLevel 1[0m discover_packages(prefix_path) discover
[0.102s] [34mcolcon.colcon_installed_package_information.package_discovery[0m [1;30mDEBUG[0m [32mFound 3 installed packages in /home/mj/ros2_ws/install[0m
[0.103s] [34mcolcon.colcon_installed_package_information.package_discovery[0m [1;30mDEBUG[0m [32mFound 1 installed packages in /home/mj/first_ws/install[0m
[0.103s] [34mcolcon.colcon_installed_package_information.package_discovery[0m [1;30mDEBUG[0m [32mFound 2 installed packages in /home/mj/test_ws/install[0m
[0.104s] [34mcolcon.colcon_installed_package_information.package_discovery[0m [1;30mDEBUG[0m [32mFound 178 installed packages in /opt/ros/humble[0m
[0.104s] [34mcolcon.colcon_core.package_discovery[0m [1;30mLevel 1[0m discover_packages(prefix_path) using defaults
[0.114s] [34mcolcon.colcon_core.verb[0m [1;30mLevel 5[0m set package 'molle_motor' build argument 'cmake_args' from command line to 'None'
[0.114s] [34mcolcon.colcon_core.verb[0m [1;30mLevel 5[0m set package 'molle_motor' build argument 'cmake_target' from command line to 'None'
[0.114s] [34mcolcon.colcon_core.verb[0m [1;30mLevel 5[0m set package 'molle_motor' build argument 'cmake_target_skip_unavailable' from command line to 'False'
[0.114s] [34mcolcon.colcon_core.verb[0m [1;30mLevel 5[0m set package 'molle_motor' build argument 'cmake_clean_cache' from command line to 'False'
[0.114s] [34mcolcon.colcon_core.verb[0m [1;30mLevel 5[0m set package 'molle_motor' build argument 'cmake_clean_first' from command line to 'False'
[0.114s] [34mcolcon.colcon_core.verb[0m [1;30mLevel 5[0m set package 'molle_motor' build argument 'cmake_force_configure' from command line to 'False'
[0.114s] [34mcolcon.colcon_core.verb[0m [1;30mLevel 5[0m set package 'molle_motor' build argument 'ament_cmake_args' from command line to 'None'
[0.114s] [34mcolcon.colcon_core.verb[0m [1;30mLevel 5[0m set package 'molle_motor' build argument 'catkin_cmake_args' from command line to 'None'
[0.114s] [34mcolcon.colcon_core.verb[0m [1;30mLevel 5[0m set package 'molle_motor' build argument 'catkin_skip_building_tests' from command line to 'False'
[0.114s] [34mcolcon.colcon_core.verb[0m [1;30mDEBUG[0m [32mBuilding package 'molle_motor' with the following arguments: {'ament_cmake_args': None, 'build_base': '/home/mj/_Projects/MOLL-E/src/build/molle_motor', 'catkin_cmake_args': None, 'catkin_skip_building_tests': False, 'cmake_args': None, 'cmake_clean_cache': False, 'cmake_clean_first': False, 'cmake_force_configure': False, 'cmake_target': None, 'cmake_target_skip_unavailable': False, 'install_base': '/home/mj/_Projects/MOLL-E/src/install/molle_motor', 'merge_install': False, 'path': '/home/mj/_Projects/MOLL-E/src/molle_motor', 'symlink_install': True, 'test_result_base': None}[0m
[0.114s] [34mcolcon.colcon_core.executor[0m [1;30mINFO[0m Executing jobs using 'parallel' executor
[0.115s] [34mcolcon.colcon_parallel_executor.executor.parallel[0m [1;30mDEBUG[0m [32mrun_until_complete[0m
[0.115s] [34mcolcon.colcon_ros.task.ament_python.build[0m [1;30mINFO[0m Building ROS package in '/home/mj/_Projects/MOLL-E/src/molle_motor' with build type 'ament_python'
[0.115s] [34mcolcon.colcon_core.shell[0m [1;30mLevel 1[0m create_environment_hook('molle_motor', 'ament_prefix_path')
[0.116s] [34mcolcon.colcon_core.plugin_system[0m [1;30mINFO[0m Skipping extension 'colcon_core.shell.bat': Not used on non-Windows systems
[0.116s] [34mcolcon.colcon_core.shell[0m [1;30mINFO[0m Creating environment hook '/home/mj/_Projects/MOLL-E/src/install/molle_motor/share/molle_motor/hook/ament_prefix_path.ps1'
[0.117s] [34mcolcon.colcon_core.shell[0m [1;30mINFO[0m Creating environment descriptor '/home/mj/_Projects/MOLL-E/src/install/molle_motor/share/molle_motor/hook/ament_prefix_path.dsv'
[0.117s] [34mcolcon.colcon_core.shell[0m [1;30mINFO[0m Creating environment hook '/home/mj/_Projects/MOLL-E/src/install/molle_motor/share/molle_motor/hook/ament_prefix_path.sh'
[0.117s] [34mcolcon.colcon_core.shell[0m [1;30mINFO[0m Skip shell extension 'powershell' for command environment: Not usable outside of PowerShell
[0.117s] [34mcolcon.colcon_core.shell[0m [1;30mDEBUG[0m [32mSkip shell extension 'dsv' for command environment[0m
[0.269s] [34mcolcon.colcon_core.task.python.build[0m [1;30mINFO[0m Building Python package in '/home/mj/_Projects/MOLL-E/src/molle_motor'
[0.269s] [34mcolcon.colcon_core.shell[0m [1;30mINFO[0m Skip shell extension 'powershell' for command environment: Not usable outside of PowerShell
[0.270s] [34mcolcon.colcon_core.shell[0m [1;30mDEBUG[0m [32mSkip shell extension 'dsv' for command environment[0m
[0.618s] [34mcolcon.colcon_core.event_handler.log_command[0m [1;30mDEBUG[0m [32mInvoking command in '/home/mj/_Projects/MOLL-E/src/build/molle_motor': CONDA_PROMPT_MODIFIER=(ros2_humble) PYTHONPATH=/home/mj/_Projects/MOLL-E/src/build/molle_motor/prefix_override:/usr/lib/python3/dist-packages/colcon_core/task/python/colcon_distutils_commands:/home/mj/_Projects/MOLL-E/src/install/molle_motor/lib/python3.10/site-packages:${PYTHONPATH} /usr/bin/python3 -W ignore:setup.py install is deprecated -W ignore:easy_install command is deprecated setup.py develop --editable --build-directory /home/mj/_Projects/MOLL-E/src/build/molle_motor/build --no-deps symlink_data[0m
[1.020s] [34mcolcon.colcon_core.shell[0m [1;30mLevel 1[0m create_environment_hook('molle_motor', 'pythonpath_develop')
[1.021s] [34mcolcon.colcon_core.event_handler.log_command[0m [1;30mDEBUG[0m [32mInvoked command in '/home/mj/_Projects/MOLL-E/src/build/molle_motor' returned '0': CONDA_PROMPT_MODIFIER=(ros2_humble) PYTHONPATH=/home/mj/_Projects/MOLL-E/src/build/molle_motor/prefix_override:/usr/lib/python3/dist-packages/colcon_core/task/python/colcon_distutils_commands:/home/mj/_Projects/MOLL-E/src/install/molle_motor/lib/python3.10/site-packages:${PYTHONPATH} /usr/bin/python3 -W ignore:setup.py install is deprecated -W ignore:easy_install command is deprecated setup.py develop --editable --build-directory /home/mj/_Projects/MOLL-E/src/build/molle_motor/build --no-deps symlink_data[0m
[1.021s] [34mcolcon.colcon_core.shell[0m [1;30mINFO[0m Creating environment hook '/home/mj/_Projects/MOLL-E/src/build/molle_motor/share/molle_motor/hook/pythonpath_develop.ps1'
[1.022s] [34mcolcon.colcon_core.shell[0m [1;30mINFO[0m Creating environment descriptor '/home/mj/_Projects/MOLL-E/src/build/molle_motor/share/molle_motor/hook/pythonpath_develop.dsv'
[1.022s] [34mcolcon.colcon_core.shell[0m [1;30mINFO[0m Creating environment hook '/home/mj/_Projects/MOLL-E/src/build/molle_motor/share/molle_motor/hook/pythonpath_develop.sh'
[1.023s] [34mcolcon.colcon_core.environment[0m [1;30mLevel 1[0m checking '/home/mj/_Projects/MOLL-E/src/install/molle_motor' for CMake module files
[1.024s] [34mcolcon.colcon_core.environment[0m [1;30mLevel 1[0m checking '/home/mj/_Projects/MOLL-E/src/install/molle_motor' for CMake config files
[1.024s] [34mcolcon.colcon_core.environment[0m [1;30mLevel 1[0m checking '/home/mj/_Projects/MOLL-E/src/install/molle_motor/lib'
[1.024s] [34mcolcon.colcon_core.environment[0m [1;30mLevel 1[0m checking '/home/mj/_Projects/MOLL-E/src/install/molle_motor/bin'
[1.024s] [34mcolcon.colcon_core.environment[0m [1;30mLevel 1[0m checking '/home/mj/_Projects/MOLL-E/src/install/molle_motor/lib/pkgconfig/molle_motor.pc'
[1.024s] [34mcolcon.colcon_core.environment[0m [1;30mLevel 1[0m checking '/home/mj/_Projects/MOLL-E/src/install/molle_motor/lib/python3.10/site-packages'
[1.024s] [34mcolcon.colcon_core.shell[0m [1;30mLevel 1[0m create_environment_hook('molle_motor', 'pythonpath')
[1.024s] [34mcolcon.colcon_core.shell[0m [1;30mINFO[0m Creating environment hook '/home/mj/_Projects/MOLL-E/src/install/molle_motor/share/molle_motor/hook/pythonpath.ps1'
[1.025s] [34mcolcon.colcon_core.shell[0m [1;30mINFO[0m Creating environment descriptor '/home/mj/_Projects/MOLL-E/src/install/molle_motor/share/molle_motor/hook/pythonpath.dsv'
[1.025s] [34mcolcon.colcon_core.shell[0m [1;30mINFO[0m Creating environment hook '/home/mj/_Projects/MOLL-E/src/install/molle_motor/share/molle_motor/hook/pythonpath.sh'
[1.025s] [34mcolcon.colcon_core.environment[0m [1;30mLevel 1[0m checking '/home/mj/_Projects/MOLL-E/src/install/molle_motor/bin'
[1.025s] [34mcolcon.colcon_core.environment[0m [1;30mLevel 1[0m create_environment_scripts_only(molle_motor)
[1.025s] [34mcolcon.colcon_core.shell[0m [1;30mINFO[0m Creating package script '/home/mj/_Projects/MOLL-E/src/install/molle_motor/share/molle_motor/package.ps1'
[1.026s] [34mcolcon.colcon_core.shell[0m [1;30mINFO[0m Creating package descriptor '/home/mj/_Projects/MOLL-E/src/install/molle_motor/share/molle_motor/package.dsv'
[1.026s] [34mcolcon.colcon_core.shell[0m [1;30mINFO[0m Creating package script '/home/mj/_Projects/MOLL-E/src/install/molle_motor/share/molle_motor/package.sh'
[1.026s] [34mcolcon.colcon_core.shell[0m [1;30mINFO[0m Creating package script '/home/mj/_Projects/MOLL-E/src/install/molle_motor/share/molle_motor/package.bash'
[1.027s] [34mcolcon.colcon_core.shell[0m [1;30mINFO[0m Creating package script '/home/mj/_Projects/MOLL-E/src/install/molle_motor/share/molle_motor/package.zsh'
[1.027s] [34mcolcon.colcon_core.environment[0m [1;30mLevel 1[0m create_file_with_runtime_dependencies(/home/mj/_Projects/MOLL-E/src/install/molle_motor/share/colcon-core/packages/molle_motor)
[1.027s] [34mcolcon.colcon_parallel_executor.executor.parallel[0m [1;30mDEBUG[0m [32mclosing loop[0m
[1.027s] [34mcolcon.colcon_parallel_executor.executor.parallel[0m [1;30mDEBUG[0m [32mloop closed[0m
[1.027s] [34mcolcon.colcon_parallel_executor.executor.parallel[0m [1;30mDEBUG[0m [32mrun_until_complete finished with '0'[0m
[1.027s] [34mcolcon.colcon_core.event_reactor[0m [1;30mDEBUG[0m [32mjoining thread[0m
[1.031s] [34mcolcon.colcon_core.plugin_system[0m [1;30mINFO[0m Skipping extension 'colcon_notification.desktop_notification.terminal_notifier': Not used on non-Darwin systems
[1.031s] [34mcolcon.colcon_core.plugin_system[0m [1;30mINFO[0m Skipping extension 'colcon_notification.desktop_notification.win32': Not used on non-Windows systems
[1.031s] [34mcolcon.colcon_notification.desktop_notification[0m [1;30mINFO[0m Sending desktop notification using 'notify2'
[1.038s] [34mcolcon.colcon_core.event_reactor[0m [1;30mDEBUG[0m [32mjoined thread[0m
[1.038s] [34mcolcon.colcon_core.shell[0m [1;30mINFO[0m Creating prefix script '/home/mj/_Projects/MOLL-E/src/install/local_setup.ps1'
[1.039s] [34mcolcon.colcon_core.shell[0m [1;30mINFO[0m Creating prefix util module '/home/mj/_Projects/MOLL-E/src/install/_local_setup_util_ps1.py'
[1.040s] [34mcolcon.colcon_core.shell[0m [1;30mINFO[0m Creating prefix chain script '/home/mj/_Projects/MOLL-E/src/install/setup.ps1'
[1.041s] [34mcolcon.colcon_core.shell[0m [1;30mINFO[0m Creating prefix script '/home/mj/_Projects/MOLL-E/src/install/local_setup.sh'
[1.041s] [34mcolcon.colcon_core.shell[0m [1;30mINFO[0m Creating prefix util module '/home/mj/_Projects/MOLL-E/src/install/_local_setup_util_sh.py'
[1.041s] [34mcolcon.colcon_core.shell[0m [1;30mINFO[0m Creating prefix chain script '/home/mj/_Projects/MOLL-E/src/install/setup.sh'
[1.042s] [34mcolcon.colcon_core.shell[0m [1;30mINFO[0m Creating prefix script '/home/mj/_Projects/MOLL-E/src/install/local_setup.bash'
[1.042s] [34mcolcon.colcon_core.shell[0m [1;30mINFO[0m Creating prefix chain script '/home/mj/_Projects/MOLL-E/src/install/setup.bash'
[1.043s] [34mcolcon.colcon_core.shell[0m [1;30mINFO[0m Creating prefix script '/home/mj/_Projects/MOLL-E/src/install/local_setup.zsh'
[1.043s] [34mcolcon.colcon_core.shell[0m [1;30mINFO[0m Creating prefix chain script '/home/mj/_Projects/MOLL-E/src/install/setup.zsh'
